=~=~=~=~=~=~=~=~=~=~=~= PuTTY log 2020.07.25 10:11:13 =~=~=~=~=~=~=~=~=~=~=~=
0811:00 257.168  30.792  |  -0.001   0.000 3 TIANWEN-1
0811:10 257.206  30.767  |  -0.001   0.001 3 TIANWEN-1
0811:20 257.243  30.743  |   0.000   0.001 3 TIANWEN-1
0811:30 257.281  30.718  |   0.001   0.001 3 TIANWEN-1
0811:40 257.318  30.693  |  -0.001  -0.003 3 TIANWEN-1
0811:50 257.356  30.668  |  -0.002  -0.001 3 TIANWEN-1
0812:00 257.393  30.643  |   0.002  -0.000 3 TIANWEN-1
0812:10 257.431  30.618  |  -0.001   0.001 3 TIANWEN-1
0812:20 257.468  30.593  |  -0.001   0.001 3 TIANWEN-1
0812:30 257.506  30.568  |   0.001  -0.000 3 TIANWEN-1
0812:40 257.543  30.543  |  -0.002   0.001 3 TIANWEN-1
0812:50 257.580  30.518  |   0.003  -0.001 3 TIANWEN-1
0813:00 257.618  30.493  |  -0.002   0.002 3 TIANWEN-1
0813:10 257.655  30.468  |   0.001   0.002 3 TIANWEN-1
0813:20 257.692  30.443  |  -0.001   0.000 3 TIANWEN-1
0813:30 257.730  30.418  |  -0.002  -0.004 3 TIANWEN-1
0813:40 257.767  30.393  |   0.002   0.000 3 TIANWEN-1
0813:50 257.804  30.368  |   0.000  -0.000 3 TIANWEN-1
0814:00 257.841  30.343  |   0.002  -0.004 3 TIANWEN-1
0814:10 257.879  30.318  |   0.001  -0.001 3 TIANWEN-1
0814:20 257.916  30.293  |   0.002  -0.002 3 TIANWEN-1

Sternwarte Bochum  -  BoCC Software Version 4.4c by KM, HP, JRM
---------------------------------------------------------------
Run time            : 0:1110:13
Offset        [N/n] : AZ 3.90  EL -2.10
 ... step [A/E,M/m] : AZ 0.10
Rate          [R/r] : AZ 0.000 deg/s

TAB flag        [~] :  Objects 7 8 9 0
Pause flag          : 0
dUT1                : -0.21342

Notaus red button normal; antenna motors ON.


2020 Jul 25 [Sat] Bochum     8.4 GHz   20C / 1015 mb

 utc     AZ_dem  EL_dem  |  del_AZ  del_EL t Obj
-------------------------+----------------------------
0814:24 257.932  30.282  |   0.001  -0.002 3 TIANWEN-1

 utc     AZ_dem  EL_dem  |  del_AZ  del_EL t Obj
-------------------------+----------------------------
0814:26 257.941  30.276  |   0.000   0.000 5 TIANWEN-1
0814:30 257.953  30.268  |  -0.002   0.003 3 TIANWEN-1
0814:33 257.966  30.260  |  -0.003   0.001 3 TIANWEN-1

 utc     AZ_dem  EL_dem  |  del_AZ  del_EL t Obj
-------------------------+----------------------------
0814:33 257.966  30.260  |  -0.005   0.001 3 TIANWEN-1
0814:40 257.991  30.243  |   0.004  -0.001 3 TIANWEN-1
